OpenGraal GS2Emu
3.0.9-GO

Programmed by Terry A. Davis.

[05:01 PM] OpenGraal GS2Emu
3.0.9-GO

Programmed by Terry A. Davis.
[05:01 PM] :: Determining the server to start... 
[05:01 PM] success! (directory search)
[05:01 PM] :: Starting server: default.
[05:01 PM] :: Initializing player listen socket.
[05:01 PM] :: Loading server configuration...
[05:01 PM]      Loading settings...
[05:01 PM]      Loading admin settings...
[05:01 PM]      Loading allowed client versions...
[05:01 PM]      Folder config: 
[05:01 PM] ENABLED
[05:01 PM]      Loading file system...
[05:01 PM]         adding world/heads/ [*] to head
[05:01 PM]         adding world/bodies/ [*.png] to body
[05:01 PM]         adding world/swords/ [*] to sword
[05:01 PM]         adding world/shields/ [*] to shield
[05:01 PM]         adding world/ganis/ [*.gani] to file
[05:01 PM]         adding world/hats/ [*.png] to file
[05:01 PM]         adding world/images/ [*.png] to file
[05:01 PM]         adding world/images/ [*.gif] to file
[05:01 PM]         adding world/images/ [*.mng] to file
[05:01 PM]         adding world/sounds/ [*.mid] to file
[05:01 PM]         adding world/sounds/ [*.mp3] to file
[05:01 PM]         adding world/sounds/ [*.wav] to file
[05:01 PM]         adding world/levels/ [*.gmap] to file
[05:01 PM]         adding world/levels/ [*.nw] to level
[05:01 PM]         adding world/levels/ [*.graal] to level
[05:01 PM]         adding world/levels/ [*.gmap] to level
[05:01 PM]         adding world/global/ [*] to file
[05:01 PM]         adding world/global/heads/ [*] to head
[05:01 PM]         adding world/global/bodies/ [*.png] to body
[05:01 PM]         adding world/global/swords/ [*] to sword
[05:01 PM]         adding world/global/shields/ [*] to shield
[05:01 PM]      Loading serverflags.txt...
[05:01 PM]      Loading config/servermessage.html...
[05:01 PM]      Loading config/ipbans.txt...
[05:01 PM]      Loading weapons...
[05:01 PM]      Loading classes...
[05:01 PM]      Loading maps...
[05:01 PM]      Loading npcs...
[05:01 PM]      Loading translations...
[05:01 PM]      Loading word filter...
[05:01 PM] [INFO] NPC-Server initialized (id=1 account=(npcserver) nickname=NPC-Server (Server) type=4 x=60 y=61)
[05:01 PM] :: Started server default (Orion)
[05:01 PM] :: Press CTRL+C to close the program.  DO NOT CLICK THE X, you will LOSE data!
[05:01 PM] [INFO] Server started
[05:01 PM] :: Initializing listserver socket.
[05:01 PM] :: listserver - Connected.
[05:01 PM] [DEBUG] [LISTSERVER] GEN_1 Sending 11 bytes:  [62] 33 2E 30 2E 39 2D 47 4F 00 0A 
[05:01 PM] [DEBUG] [LISTSERVER] GEN_2 Sending 17 bytes (compressed from 3):  [00] 0F 78 9C 32 67 E0 02 04 00 00 FF FF 00 B2 00 42 
[05:01 PM] [DEBUG] [LISTSERVER] NEWSERVER packet: name=5 desc=15 lang=7 ver=8 url=38 ip=4 port=5 localip=13
[05:01 PM] [DEBUG] [LISTSERVER] NEWSERVER data: 36 25 4F 72 69 6F 6E 2F 47 6F 20 43 6F 64 65 20 47 53 65 72 76 65 72 27 45 6E 67 6C 69 73 
[05:01 PM] [DEBUG] [LISTSERVER] GEN_2 Sending 116 bytes (compressed from 105):  [00] 72 78 9C 32 53 F5 2F CA CC CF D3 77 CF 57 70 CE 4F 49 55 70 0F ...
[05:01 PM] [DEBUG] [LISTSERVER] GEN_2 Sending 17 bytes (compressed from 3):  [00] 0F 78 9C B2 60 E6 02 04 00 00 FF FF 00 BB 00 46 
[05:01 PM] [DEBUG] [LISTSERVER] GEN_2 Sending 53 bytes (compressed from 39):  [00] 33 78 9C B2 57 F1 C9 2C 2E 29 4E 2D 2A 4B 2D D2 29 4E 2D 29 C9 ...
[05:01 PM] [DEBUG] [LISTSERVER] GEN_2 Sending 16 bytes (compressed from 2):  [00] 0E 78 9C 52 E7 02 04 00 00 FF FF 00 5A 00 32 
[05:01 PM] [DEBUG] [LISTSERVER] Sending player to listserver: id=1 type=4 account=(npcserver) nickname=NPC-Server (Server) level= x=60 y=61
[05:01 PM] [DEBUG] [LISTSERVER] GEN_2 Sending 67 bytes (compressed from 63):  [00] 41 78 9C D2 53 50 54 71 D2 D6 C8 2B 48 2E 4E 2D 2A 4B 2D D2 54 ...
[05:01 PM] [DEBUG] One minute timer
[05:01 PM] [INFO] Five minute timer - saving data
[05:01 PM] [DEBUG] [LISTSERVER] Received 50 raw bytes
[05:01 PM] [DEBUG] [LISTSERVER] processListData: 50 bytes in buffer
[05:01 PM] [DEBUG] [LISTSERVER] Packet length: 48, have 50
[05:01 PM] [DEBUG] [LISTSERVER] Decompressed to 40 bytes
[05:01 PM] [DEBUG] [LISTSERVER] Received packet 20: 38 bytes
[05:01 PM] [DEBUG] [LISTSERVER] Received 59 raw bytes
[05:01 PM] [DEBUG] [LISTSERVER] processListData: 59 bytes in buffer
[05:01 PM] [DEBUG] [LISTSERVER] Packet length: 57, have 59
[05:01 PM] [DEBUG] [LISTSERVER] Decompressed to 55 bytes
[05:01 PM] [DEBUG] [LISTSERVER] Received packet 20: 53 bytes
[05:01 PM] [DEBUG] [LISTSERVER] Received 359 raw bytes
[05:01 PM] [DEBUG] [LISTSERVER] processListData: 359 bytes in buffer
[05:01 PM] [DEBUG] [LISTSERVER] Packet length: 57, have 359
[05:01 PM] [DEBUG] [LISTSERVER] Decompressed to 55 bytes
[05:01 PM] [DEBUG] [LISTSERVER] Received packet 20: 53 bytes
[05:01 PM] [DEBUG] [LISTSERVER] Packet length: 59, have 300
[05:01 PM] [DEBUG] [LISTSERVER] Decompressed to 57 bytes
[05:01 PM] [DEBUG] [LISTSERVER] Received packet 20: 55 bytes
[05:01 PM] [DEBUG] [LISTSERVER] Packet length: 45, have 239
[05:01 PM] [DEBUG] [LISTSERVER] Decompressed to 42 bytes
[05:01 PM] [DEBUG] [LISTSERVER] Received packet 20: 40 bytes
[05:01 PM] [DEBUG] [LISTSERVER] Packet length: 45, have 192
[05:01 PM] [DEBUG] [LISTSERVER] Decompressed to 42 bytes
[05:01 PM] [DEBUG] [LISTSERVER] Received packet 20: 40 bytes
[05:01 PM] [DEBUG] [LISTSERVER] Packet length: 71, have 145
[05:01 PM] [DEBUG] [LISTSERVER] Decompressed to 69 bytes
[05:01 PM] [DEBUG] [LISTSERVER] Received packet 20: 67 bytes
[05:01 PM] [DEBUG] [LISTSERVER] Packet length: 70, have 72
[05:01 PM] [DEBUG] [LISTSERVER] Decompressed to 68 bytes
[05:01 PM] [DEBUG] [LISTSERVER] Received packet 20: 66 bytes
[05:01 PM] [DEBUG] [LISTSERVER] Received 134 raw bytes
[05:01 PM] [DEBUG] [LISTSERVER] processListData: 134 bytes in buffer
[05:01 PM] [DEBUG] [LISTSERVER] Packet length: 68, have 134
[05:01 PM] [DEBUG] [LISTSERVER] Decompressed to 66 bytes
[05:01 PM] [DEBUG] [LISTSERVER] Received packet 20: 64 bytes
[05:01 PM] [DEBUG] [LISTSERVER] Packet length: 62, have 64
[05:01 PM] [DEBUG] [LISTSERVER] Decompressed to 60 bytes
[05:01 PM] [DEBUG] [LISTSERVER] Received packet 20: 58 bytes
[05:01 PM] [DEBUG] [LISTSERVER] Received 156 raw bytes
[05:01 PM] [DEBUG] [LISTSERVER] processListData: 156 bytes in buffer
[05:01 PM] [DEBUG] [LISTSERVER] Packet length: 56, have 156
[05:01 PM] [DEBUG] [LISTSERVER] Decompressed to 54 bytes
[05:01 PM] [DEBUG] [LISTSERVER] Received packet 20: 52 bytes
[05:01 PM] [DEBUG] [LISTSERVER] Packet length: 47, have 98
[05:01 PM] [DEBUG] [LISTSERVER] Decompressed to 44 bytes
[05:01 PM] [DEBUG] [LISTSERVER] Received packet 20: 42 bytes
[05:01 PM] [DEBUG] [LISTSERVER] Packet length: 47, have 49
[05:01 PM] [DEBUG] [LISTSERVER] Decompressed to 44 bytes
[05:01 PM] [DEBUG] [LISTSERVER] Received packet 20: 42 bytes
[05:01 PM] [DEBUG] [LISTSERVER] Read timeout
[05:01 PM] [DEBUG] [LISTSERVER] Read timeout
[05:01 PM] [DEBUG] [LISTSERVER] Read timeout
[05:01 PM] [DEBUG] [LISTSERVER] Read timeout
[05:01 PM] [DEBUG] [LISTSERVER] Read timeout
[05:01 PM] [DEBUG] [LISTSERVER] Read timeout
[05:01 PM] [DEBUG] [LISTSERVER] Received 12 raw bytes
[05:01 PM] [DEBUG] [LISTSERVER] processListData: 12 bytes in buffer
[05:01 PM] [DEBUG] [LISTSERVER] Packet length: 10, have 12
[05:01 PM] [DEBUG] [LISTSERVER] Decompressed to 2 bytes
[05:01 PM] [DEBUG] [LISTSERVER] Received packet 99: 0 bytes
[05:01 PM] [DEBUG] [LISTSERVER] Read timeout
[05:01 PM] [DEBUG] [LISTSERVER] Read timeout
[05:01 PM] [DEBUG] [LISTSERVER] Read timeout
[05:01 PM] [DEBUG] [LISTSERVER] Read timeout
[05:02 PM] [DEBUG] [LISTSERVER] Read timeout
[05:02 PM] [DEBUG] One minute timer
[05:02 PM] [DEBUG] [LISTSERVER] Read timeout
[05:02 PM] [DEBUG] [LISTSERVER] Received 12 raw bytes
[05:02 PM] [DEBUG] [LISTSERVER] processListData: 12 bytes in buffer
[05:02 PM] [DEBUG] [LISTSERVER] Packet length: 10, have 12
[05:02 PM] [DEBUG] [LISTSERVER] Decompressed to 2 bytes
[05:02 PM] [DEBUG] [LISTSERVER] Received packet 99: 0 bytes
[05:02 PM] [DEBUG] [LISTSERVER] Read timeout
[05:02 PM] [DEBUG] [LISTSERVER] Read timeout
[05:02 PM] [DEBUG] [LISTSERVER] Read timeout
[05:02 PM] [DEBUG] [LISTSERVER] Read timeout
[05:02 PM] [DEBUG] [LISTSERVER] Read timeout
[05:02 PM] [DEBUG] [LISTSERVER] Read timeout
[05:02 PM] [DEBUG] [LISTSERVER] Received 12 raw bytes
[05:02 PM] [DEBUG] [LISTSERVER] processListData: 12 bytes in buffer
[05:02 PM] [DEBUG] [LISTSERVER] Packet length: 10, have 12
[05:02 PM] [DEBUG] [LISTSERVER] Decompressed to 2 bytes
[05:02 PM] [DEBUG] [LISTSERVER] Received packet 99: 0 bytes
[05:02 PM] [DEBUG] [LISTSERVER] Read timeout
[05:02 PM] [DEBUG] [LISTSERVER] Read timeout
[05:02 PM] [DEBUG] [LISTSERVER] Read timeout
[05:02 PM] [DEBUG] [LISTSERVER] Read timeout
[05:03 PM] [DEBUG] [LISTSERVER] Read timeout
[05:03 PM] [DEBUG] One minute timer
[05:03 PM] [DEBUG] [LISTSERVER] Read timeout
[05:03 PM] [DEBUG] [LISTSERVER] Received 12 raw bytes
[05:03 PM] [DEBUG] [LISTSERVER] processListData: 12 bytes in buffer
[05:03 PM] [DEBUG] [LISTSERVER] Packet length: 10, have 12
[05:03 PM] [DEBUG] [LISTSERVER] Decompressed to 2 bytes
[05:03 PM] [DEBUG] [LISTSERVER] Received packet 99: 0 bytes
[05:03 PM] [DEBUG] [LISTSERVER] Read timeout
[05:03 PM] [DEBUG] [LISTSERVER] Read timeout
[05:03 PM] [DEBUG] [LISTSERVER] Read timeout
[05:03 PM] [DEBUG] [LISTSERVER] Read timeout
[05:03 PM] [DEBUG] [LISTSERVER] Read timeout
[05:03 PM] [DEBUG] [LISTSERVER] Read timeout
[05:03 PM] [DEBUG] [LISTSERVER] Received 12 raw bytes
[05:03 PM] [DEBUG] [LISTSERVER] processListData: 12 bytes in buffer
[05:03 PM] [DEBUG] [LISTSERVER] Packet length: 10, have 12
[05:03 PM] [DEBUG] [LISTSERVER] Decompressed to 2 bytes
[05:03 PM] [DEBUG] [LISTSERVER] Received packet 99: 0 bytes
[05:03 PM] [DEBUG] [LISTSERVER] Read timeout
[05:03 PM] [DEBUG] [LISTSERVER] Read timeout
[05:03 PM] [DEBUG] [LISTSERVER] Read timeout
[05:04 PM] [DEBUG] [LISTSERVER] Read timeout
[05:04 PM] [DEBUG] [LISTSERVER] Read timeout
[05:04 PM] [DEBUG] One minute timer
[05:04 PM] [DEBUG] [LISTSERVER] Read timeout
[05:04 PM] [DEBUG] [LISTSERVER] Received 12 raw bytes
[05:04 PM] [DEBUG] [LISTSERVER] processListData: 12 bytes in buffer
[05:04 PM] [DEBUG] [LISTSERVER] Packet length: 10, have 12
[05:04 PM] [DEBUG] [LISTSERVER] Decompressed to 2 bytes
[05:04 PM] [DEBUG] [LISTSERVER] Received packet 99: 0 bytes
[05:04 PM] [DEBUG] [LISTSERVER] Read timeout
[05:04 PM] [DEBUG] [LISTSERVER] Read timeout
[05:04 PM] [DEBUG] [LISTSERVER] Read timeout
[05:04 PM] [DEBUG] [LISTSERVER] Read timeout
[05:04 PM] [DEBUG] [LISTSERVER] Read timeout
[05:04 PM] [DEBUG] [LISTSERVER] Read timeout
[05:04 PM] [DEBUG] [LISTSERVER] Received 12 raw bytes
[05:04 PM] [DEBUG] [LISTSERVER] processListData: 12 bytes in buffer
[05:04 PM] [DEBUG] [LISTSERVER] Packet length: 10, have 12
[05:04 PM] [DEBUG] [LISTSERVER] Decompressed to 2 bytes
[05:04 PM] [DEBUG] [LISTSERVER] Received packet 99: 0 bytes
[05:04 PM] [DEBUG] [LISTSERVER] Read timeout
[05:04 PM] [DEBUG] [LISTSERVER] Read timeout
[05:04 PM] [DEBUG] [LISTSERVER] Read timeout
[05:04 PM] [DEBUG] New connection from 192.168.0.229:64499
[05:04 PM] [DEBUG] OnRecv: received 64 bytes, buffer now 64 bytes
[05:04 PM] [DEBUG] OnRecv: buffer[0]=00 buffer[1]=26
[05:04 PM] [DEBUG] Login packet: 38 bytes
[05:04 PM] [DEBUG] handleLogin: packet size = 38
[05:04 PM] [DEBUG] handleLogin: decompressed to 30 bytes
[05:04 PM] [DEBUG] handleLogin: raw bytes = "%+GNW03014)moondeath(pokemon1\n"
[05:04 PM] [DEBUG] handleLogin: raw hex = 25 2B 47 4E 57 30 33 30 31 34 29 6D 6F 6F 6E 64 65 61 74 68 28 70 6F 6B 65 6D 6F 6E 31 0A
[05:04 PM] [DEBUG] handleLogin: clientTypeByte=5 (raw byte=37) clientType=32
[05:04 PM] [DEBUG] handleLogin: version="+GNW03014"
[05:04 PM] [DEBUG] handleLogin: Remaining after version: 20 bytes
[05:04 PM] [DEBUG] handleLogin: accLenRaw=41 (0x29), accLen=9, remaining after GChar: 19
[05:04 PM] [DEBUG] handleLogin: passLen=8
[05:04 PM] [DEBUG] handleLogin: account=moondeath password=pokemon1
[05:04 PM] [DEBUG] Setting encryption: clientType=32 PLTYPE_CLIENT=1 PLTYPE_CLIENT2=16 PLTYPE_CLIENT3=32
[05:04 PM] [DEBUG] Matched PLTYPE_CLIENT3
[05:04 PM] [INFO] Setting encryption gen to 4 (ENCRYPT_GEN_3=2) for client type 32
[05:04 PM] [DEBUG] sendPacket: GEN_5, original 3 bytes, compressed 3 bytes, compression_type=2
[05:04 PM] [DEBUG] sendPacket: Writing 6 bytes: 06 00 02 01 51 DB
[05:04 PM] [DEBUG] sendPacket: GEN_5, original 3 bytes, compressed 3 bytes, compression_type=2
[05:04 PM] [DEBUG] sendPacket: Writing 6 bytes: 06 00 02 54 D9 4B
[05:04 PM] [DEBUG] sendPacket: GEN_5, original 2 bytes, compressed 2 bytes, compression_type=2
[05:04 PM] [DEBUG] sendPacket: Writing 5 bytes: 05 00 02 DF 10
[05:04 PM] [INFO] Sending PLO_OTHERPLPROPS (login props)...
[05:04 PM] [DEBUG] sendPacket: GEN_5, original 111 bytes, compressed 106 bytes, compression_type=4
[05:04 PM] [DEBUG] sendPacket: Writing 109 bytes: 6D 00 04 C0 7F 7A B2 C8 04 77 70 D7 31 D1 F2 13 FF 79 ED 68 24 C8 08 D1 6C E1 25 A8 51 AF 57 F1 8B F0 EE F3 6B 62 4A 54 47 47 DC C9 2D 4C 89 52 8E 90 21 6A B1 92 6E F5 70 5F 58 AC 26 2E 1F D9 8D 7C 9B 33 30 8E FE B9 6A 12 A0 AE 3F 5A 02 2B E9 7D 2A CB B4 69 93 0A D4 A9 5E 8A A8 2A A5 AC FB 42 F4 B8 8F 39 B3 67 56 81 E9 D8 B3
[05:04 PM] [INFO] Sending PLO_CLEARWEAPONS...
[05:04 PM] [DEBUG] sendPacket: GEN_5, original 2 bytes, compressed 2 bytes, compression_type=2
[05:04 PM] [DEBUG] sendPacket: Writing 5 bytes: 05 00 02 79 45
[05:04 PM] [INFO] Sending player flags...
[05:04 PM] [DEBUG] sendPacket: GEN_5, original 21 bytes, compressed 21 bytes, compression_type=2
[05:04 PM] [DEBUG] sendPacket: Writing 24 bytes: 18 00 02 24 CF 12 F6 70 E9 76 FC 58 3C 5B 55 3D 0F CC 9D 96 F7 81 08 92
[05:04 PM] [DEBUG] sendPacket: GEN_5, original 20 bytes, compressed 20 bytes, compression_type=2
[05:04 PM] [DEBUG] sendPacket: Writing 23 bytes: 17 00 02 E4 20 11 63 BA 8B 50 09 18 F8 EF 3F 77 7D 5D 4C 08 B3 03 1A
[05:04 PM] [DEBUG] sendPacket: GEN_5, original 23 bytes, compressed 23 bytes, compression_type=2
[05:04 PM] [DEBUG] sendPacket: Writing 26 bytes: 1A 00 02 44 13 CA DA CB 17 A3 6E FC E3 BC 9D 8B 46 C5 35 BC E8 F8 07 56 C6 4F
[05:04 PM] [DEBUG] sendPacket: GEN_5, original 25 bytes, compressed 25 bytes, compression_type=2
[05:04 PM] [DEBUG] sendPacket: Writing 28 bytes: 1C 00 02 04 26 1D 3E 0B 16 7C 84 34 3C 41 0E 93 6A 5C F5 FD 0C 63 49 D6 32 DD 8D D2
[05:04 PM] [DEBUG] sendPacket: GEN_5, original 15 bytes, compressed 15 bytes, compression_type=2
[05:04 PM] [DEBUG] sendPacket: Writing 18 bytes: 12 00 02 24 6A F0 9F 7B 3C 7A 76 0A CE 27 79 79 DF AB
[05:04 PM] [DEBUG] sendPacket: GEN_5, original 15 bytes, compressed 15 bytes, compression_type=2
[05:04 PM] [DEBUG] sendPacket: Writing 18 bytes: 12 00 02 A4 92 2A 3A FB 32 70 09 8A 01 B0 6B F9 E3 56
[05:04 PM] [DEBUG] sendPacket: GEN_5, original 15 bytes, compressed 15 bytes, compression_type=2
[05:04 PM] [DEBUG] sendPacket: Writing 18 bytes: 12 00 02 24 F3 2B EC 7B 6F 88 0B 0A 53 60 69 79 C8 B5
[05:04 PM] [DEBUG] sendPacket: GEN_5, original 15 bytes, compressed 15 bytes, compression_type=2
[05:04 PM] [DEBUG] sendPacket: Writing 18 bytes: 12 00 02 A4 0B 94 83 FB D5 A3 2F 8A 30 25 D5 F9 FC 62
[05:04 PM] [DEBUG] sendPacket: GEN_5, original 15 bytes, compressed 15 bytes, compression_type=2
[05:04 PM] [DEBUG] sendPacket: Writing 18 bytes: 12 00 02 24 1C 3C 2A 7B 62 36 02 0A 94 62 9A 79 15 45
[05:04 PM] [DEBUG] sendPacket: GEN_5, original 15 bytes, compressed 15 bytes, compression_type=2
[05:04 PM] [DEBUG] sendPacket: Writing 18 bytes: 12 00 02 A4 A4 34 88 EB 07 E7 89 8C D0 75 D1 F9 6F 4A
[05:04 PM] [INFO] Sending server flags...
[05:04 PM] [INFO] Deleting default weapons...
[05:04 PM] [DEBUG] sendPacket: GEN_5, original 5 bytes, compressed 5 bytes, compression_type=2
[05:04 PM] [DEBUG] sendPacket: Writing 8 bytes: 08 00 02 1A A5 85 A4 12
[05:04 PM] [DEBUG] sendPacket: GEN_5, original 5 bytes, compressed 5 bytes, compression_type=2
[05:04 PM] [DEBUG] sendPacket: Writing 8 bytes: 08 00 02 5A E2 32 79 52
[05:04 PM] [INFO] Sending PLO_UNKNOWN190...
[05:04 PM] [DEBUG] sendPacket: GEN_5, original 2 bytes, compressed 2 bytes, compression_type=2
[05:04 PM] [DEBUG] sendPacket: Writing 5 bytes: 05 00 02 25 B7
[05:04 PM] [INFO] Warping player to 'onlinestartlocal.nw'...
[05:04 PM] [DEBUG] loadLevel: Created new level 'onlinestartlocal'
[05:04 PM] [DEBUG] warp: Loaded level from world/onlinestartlocal.nw
[05:04 PM] [DEBUG] sendPacket: GEN_5, original 24 bytes, compressed 24 bytes, compression_type=2
[05:04 PM] [DEBUG] sendPacket: Writing 27 bytes: 1B 00 02 9E B4 41 34 97 28 2A B3 B6 27 C4 03 59 DC BF C7 77 24 EE FE 56 AD 43 BC
[05:04 PM] [DEBUG] sendPacket: GEN_5, original 8199 bytes, compressed 1841 bytes, compression_type=4
[05:04 PM] [DEBUG] sendPacket: Writing 1844 bytes: 34 07 04 20 2D 0D C7 F1 5A 1C DD 8F EF 46 D5 07 1A 5E 44 1F 5C 51 C2 8C 6C 4B 73 D9 2D A2 BE 0D 05 0C 65 2C 74 4F 1E 5A 1D BF FB 96 E6 37 24 67 33 80 26 93 97 B3 B9 9C A7 A4 34 1F 87 50 88 10 C7 C0 06 4F 41 09 74 A8 DF 36 C7 BF 8D 38 6A 37 24 55 84 EF B8 09 0E 8F C2 1D BF C7 D7 FE 83 96 AB 54 AE 40 60 3C 7E 40 7B 3E 64 C4 2C 09 7C 98 F2 1F C9 3B 44 80 FA 41 8A 5A 8C 68 42 18 74 59 BB 33 BB 00 0B 10 E7 90 E4 C5 66 B3 77 4B DE 41 35 F4 84 DE D7 D4 55 48 A8 C9 5D B5 B1 97 80 CB 2F D1 56 D0 35 15 45 2D 0B 9A 41 78 6F 6C F1 91 1B 14 AC F5 F0 66 ED 40 06 20 68 3D A3 F6 7D 44 A4 FF DB A1 C5 93 59 7C 91 16 BB 6F 3F E6 46 39 C0 1E 3A 93 B0 0B B1 D4 90 42 B8 95 17 7D CA 5D E4 CB 50 63 2C 3D 83 C1 DF D4 5F 28 C0 D1 21 1F BE 1A A9 18 E1 A1 65 57 86 C1 C3 35 4D 3B 24 8A 73 83 58 F5 9F F4 AC 3B A7 70 9F D4 15 79 E5 73 06 2E 20 BE 37 A7 0E 01 B4 30 29 C8 36 71 74 7F 61 96 0D 9F 92 77 09 A7 76 B3 5D 7B 99 55 4B 3C 22 B1 D3 AD 3D B7 33 F4 31 BB A0 5B C6 7E 4C C4 6F 58 3C 4A 24 51 72 A6 3F C1 48 26 06 6C C7 C0 0F AF AD 90 92 D9 26 50 B5 F4 D9 53 A4 89 C8 B6 3F 18 AB 22 A3 85 07 8E 7F 54 F4 DE 80 4D 6C 48 D7 FF 75 20 72 57 29 5B 73 F3 CB C9 0F 45 FE EF 69 5F 7B 52 DF 27 9F 0C 5C F4 58 E5 99 1D 93 5B 5B 6D 30 FE 83 FE B8 AB 9B 79 1B 3E B3 F8 AD 80 F3 E7 B7 92 5A 6E 61 08 1D 18 A1 06 E5 28 59 84 90 8C 59 06 F4 95 2F 74 AD CE F0 C0 B6 C2 AF AB C4 7D 6E 0A 92 CE 72 39 32 FC AE 69 91 CE 24 AA 3B 48 D3 F1 E8 87 61 0D 84 D6 30 C2 08 FC 06 D3 5F 4E 79 D7 FF BE C8 BD F2 2C 65 36 A4 D3 EE D4 1B F2 DB BD 37 7B 4E 36 D8 4F ED 6C F8 3F 94 2B 0E AC 32 33 A7 73 11 0C D6 93 53 E3 E5 95 5C 34 99 4F A6 23 4C 7F 15 4A 02 B9 0F 7B AC 46 5D D2 EF BA 08 2E C2 D5 82 0A C9 F2 0F 1B F4 47 0D 9F 74 B3 CD A7 FF 70 8F 47 FC 69 8A 0B B9 2D 3F 74 30 26 D8 A5 39 1C D8 D3 6A 60 49 CD 4B 7E 32 0A 6B CE 85 F7 85 42 3E C1 51 05 8B 82 CA CC 85 CE C7 9F E7 A0 B9 21 A6 3D 30 59 A9 8A 23 77 AA 9E 52 41 89 36 32 9B 9B E6 D7 7C B0 BE F0 99 E2 B5 1C 33 6C E9 E0 EC F1 85 34 2C F6 87 6B 53 B1 68 72 27 3C 9B 0A 95 11 00 01 3C 2D 6F 5A FB 1D E2 37 8B 69 AD D0 55 44 21 D9 77 B9 E2 E1 BF 4F 84 40 13 92 C5 73 9E F1 9A AF 15 54 5D BC 6E 86 F3 1C 1D FC 05 7B 7C 9A A5 85 0A 0A AE 36 BD 9E 8D 8B 12 88 F5 5D ED 17 DB C7 96 6E FA 52 64 32 0E 7D DA 7D 38 FF C4 A2 0D 84 BD 29 8F EA 5B 28 9D CE 1B 19 FE D4 7C 1E 80 05 A1 E7 C0 25 08 02 97 03 D4 17 7E 97 19 37 B7 8C 66 13 11 90 3D 5F 28 7C 71 11 19 A9 F5 78 07 EC 0A F2 A6 63 17 92 E2 1E 27 71 E7 05 F3 4E 53 53 F3 87 42 74 B8 F7 A2 17 F3 10 6F 74 F2 45 8C 11 85 95 47 40 3F 54 DD 10 32 55 EC 1D 12 CB E1 78 11 E9 4E 1C E7 95 51 62 D5 E4 28 55 81 88 26 BC E5 CD CE 69 BF 74 B4 53 DF DD 66 6A C5 6E D3 21 5D A4 00 96 BE 24 F8 3F 59 73 6D 68 85 14 4E 24 E4 1D 71 B6 D4 79 5D CF 65 62 A0 9B E2 32 6D 40 1E 50 A1 ED C6 C3 32 69 A0 39 73 7B 91 DB 45 18 FD BF 8F 82 DC C0 CD 72 F4 78 5E 69 22 7F E4 B5 2E D5 16 25 2E 5A 76 80 F5 02 53 D8 04 DB BB 55 7A 48 5B D1 46 B8 55 77 C0 3A 26 6E 73 F9 C0 CD 33 0A 04 F1 D0 86 F6 40 E6 AA D1 39 E0 8F 0C 02 90 DF 21 EB C7 A7 65 09 25 8D 90 28 B0 D0 70 4E AD 92 32 C6 51 E6 20 BA C5 F6 74 F3 CF B1 6D B9 8A 8E 29 19 22 66 2C 4D A3 5D F3 DF 60 26 FE 5C 8B 6F 36 52 EE 59 2E 6F E8 09 45 9B 72 62 69 06 B2 AA 70 53 06 F4 31 51 B9 48 37 AB FD C1 1C F0 4D 98 4D B0 62 18 41 38 0A A2 4F EB 32 14 EB 39 96 C5 A7 1B 6E 1D 0B DB 40 43 6C A0 BA F1 11 32 D0 08 AB 04 7E 26 BE F0 E1 7F 3C 85 FD DC 49 9C EF 71 5D 36 82 28 27 F9 9C E4 5E F9 2B 09 BA BF C0 11 C3 A6 2F 78 C8 91 83 14 0B C8 B5 1F A2 5E EF 73 6D 82 5F 85 DA 9E 7E 10 22 91 23 DC 80 6E 6F F2 CC 9E 60 22 60 81 60 AF 0C 54 C0 8F 85 44 40 F0 47 37 D6 9F D3 62 22 FE 06 A7 95 5E DC 65 DD 18 D1 6A 76 77 1F E2 A5 01 89 35 92 B2 EB 83 C9 B2 E6 DE 08 4E 65 E4 6F C6 02 EA 4E 98 A9 87 EE A7 1B EA 91 0E 9E 3B D4 1F 1E A6 A0 A8 77 E5 77 55 33 75 E3 73 E5 43 60 A9 7A E7 5F 7C 7F 3C D8 DC 04 E3 A5 F7 7A 1D F9 D4 1F 7A 33 F2 C7 31 ED F3 C8 90 A1 21 DC 1E 36 2D FE 26 4C 67 70 9C 4B 2E CE 9C D8 24 0A FD B2 E5 1B A9 98 7F 59 F0 D0 EB E5 08 15 AE A2 D5 BC 3C C4 BC D7 AB A6 C9 EA 9A 36 8A 2A 0B CC 06 AD 15 B4 41 22 74 A6 B9 A1 F2 BA 56 70 AE 4E 07 E0 D9 66 9D 4F F5 58 83 DF 92 50 24 75 4E FD C7 D5 F7 FD 92 10 C9 7F 88 EE 8F 7E 63 2E BD 86 6B 2D 82 28 7E 6D 7F AB B5 40 2A 17 A2 8E 84 BE F1 52 4D C9 C6 A8 28 5A E7 E2 43 A9 D0 F5 A8 03 B4 D4 80 A0 D8 CF C2 41 73 A2 1F 87 2E 8F 58 5B 4B 15 C2 C0 63 AE F9 A5 6E 6A B4 3F 9B FF 2B E3 24 7A C7 29 7E D0 1E 63 75 03 3B C7 30 D3 BD 27 E9 84 2A 48 54 C4 45 BE 61 E6 1A B4 58 72 07 E5 B1 66 38 9E 81 E5 57 2A 0A C0 6D 04 4B 9A 8F 3E 63 EF 08 24 89 9C 7B C6 3F 4A 04 FB 92 11 12 9F 44 F3 BD 33 2D 7C A0 CC F2 78 67 1D 97 E8 E7 69 1D FB 24 48 E1 4C A9 6B 0C 5F B2 59 96 A5 2D 43 5F 3C 8E 80 26 51 A1 7E 50 CC 09 4D F7 B2 CB 77 4B 37 F5 02 E5 DA 6B 95 BE 41 5B 09 57 8B 90 AA C6 CC 98 60 C7 E7 F4 71 39 12 97 EE D4 62 E3 F2 43 F4 57 7A 10 0C 01 72 CE 59 17 F0 60 74 C7 E7 9C 0D 54 DA D6 89 9D 52 35 29 2C 35 FE 2A 76 93 30 24 64 41 D0 2B 0A E5 16 0E BE 25 55 EB B3 18 E4 70 C2 82 C8 66 35 86 65 65 7B BF F2 BB 66 14 FC 76 92 BB D9 42 78 C7 45 3D 51 25 C9 FA E7 4A F0 51 3F 32 83 ED 6D 0A 52 E6 9B 8C F4 CA F7 55 BD CC D7 CB 00 37 A7 20 41 54 A3 71 B1 A1 A8 B6 70 0A 45 2B BB 4D 4D AE F8 44 76 06 8D 68 01 21 2C 90 28 92 B6 BF 04 E1 10 7B EF 11 E8 17 5F 89 9E 41 49 20 37 CA FE 7D B9 14 41 8B 10 8E AB 73 AE AA 47 86 6A A3 1B 96 A9 DB A5 9A 30 F8 59 5E E4 CD 26 81 09 F1 6C 45 C1 98 94 C3 06 EB 85 A1 21 12 4E 64 9C 62 5A C4 BC DC D0 EA 8F 07 D3 D6 21 57 D8 DE 38 46 90 C4 E5 F2 8A 82 22 49 90 A6 76 EE C2 82 00 F6 C4 E0 C6 E4 64 B9 C1 5B CF 7C 45 84 0D C1 F1 A4 C4 E5 B2 3F D8 99 C6 AB B0 07 49 81 AD AB
[05:04 PM] [DEBUG] sendPacket: GEN_5, original 6 bytes, compressed 6 bytes, compression_type=2
[05:04 PM] [DEBUG] sendPacket: Writing 9 bytes: 09 00 02 1F 90 F0 44 18 53
[05:04 PM] [DEBUG] sendPacket: GEN_5, original 5 bytes, compressed 5 bytes, compression_type=2
[05:04 PM] [DEBUG] sendPacket: Writing 8 bytes: 08 00 02 52 3D 60 A9 52
[05:04 PM] [DEBUG] sendPacket: GEN_5, original 2 bytes, compressed 2 bytes, compression_type=2
[05:04 PM] [DEBUG] sendPacket: Writing 5 bytes: 05 00 02 B2 AA
[05:04 PM] [DEBUG] warp: Player moondeath warped to onlinestartlocal.nw at (32, 32)
[05:04 PM] [INFO] Sending weapons...
[05:04 PM] [INFO] Sending PLO_BIGMAP...
[05:04 PM] [INFO] Sending PLO_MINIMAP...
[05:04 PM] [INFO] Sending PLO_RPGWINDOW...
[05:04 PM] [DEBUG] sendPacket: GEN_5, original 21 bytes, compressed 21 bytes, compression_type=2
[05:04 PM] [DEBUG] sendPacket: Writing 24 bytes: 18 00 02 0A 23 D8 46 AF 14 1E 72 B7 74 A5 89 4C 8E F3 A3 6A 2F 6B C4 72
[05:04 PM] [INFO] Sending PLO_STARTMESSAGE...
[05:04 PM] [DEBUG] sendPacket: GEN_5, original 21 bytes, compressed 21 bytes, compression_type=2
[05:04 PM] [DEBUG] sendPacket: Writing 24 bytes: 18 00 02 71 B8 F6 FC EF 3C 12 4A F7 CD 1F A3 8C ED D3 DF AA 07 66 52 32
[05:04 PM] [INFO] Sending PLO_SERVERTEXT (no message)...
[05:04 PM] [DEBUG] sendPacket: GEN_5, original 2 bytes, compressed 2 bytes, compression_type=2
[05:04 PM] [DEBUG] sendPacket: Writing 5 bytes: 05 00 02 4A 99
[05:04 PM] [DEBUG] sendPacket: GEN_5, original 2 bytes, compressed 2 bytes, compression_type=2
[05:04 PM] [DEBUG] sendPacket: Writing 5 bytes: 05 00 02 ED 35
[05:04 PM] [INFO] Sending PLO_STAFFGUILDS...
[05:04 PM] [DEBUG] sendPacket: GEN_5, original 184 bytes, compressed 111 bytes, compression_type=4
[05:04 PM] [DEBUG] sendPacket: Writing 114 bytes: 72 00 04 20 81 3D 8C B2 BC A1 6B D3 B0 F5 98 99 23 BA C2 14 68 BA 00 08 EE C1 82 38 4C 1C 54 A4 6C 28 82 9B CF D4 50 FC 92 56 AA 18 D2 4D E3 1D 4A 90 75 F8 9C D8 C0 7E 1A B8 96 90 A0 BD 73 26 4D 0E D1 B3 50 AC 1A 58 7C 21 D9 FD 9D D4 3A DE 13 7F 0B B6 BC 81 78 EF 77 C7 A8 8A D8 6B 63 EC 89 07 63 C2 75 AB DE 5B FF BB C9 98 2B CB 64 4E B6 FD
[05:04 PM] [INFO] Sending PLO_STATUSLIST...
[05:04 PM] [DEBUG] sendPacket: GEN_5, original 40 bytes, compressed 40 bytes, compression_type=2
[05:04 PM] [DEBUG] sendPacket: Writing 43 bytes: 2B 00 02 EF A2 79 23 18 DD BF DA 5B AA 1D C2 0A 75 94 C8 78 D9 6D AD CA 60 09 DA B1 71 B3 50 D0 99 C2 CF AB D2 68 51 5D 85 39 03
[05:04 PM] [INFO] [moondeath] Player logged in (type=32)
[05:04 PM] [INFO] Player 3 added (account: moondeath)
[05:04 PM] [DEBUG] sendPacket: GEN_5, original 104 bytes, compressed 95 bytes, compression_type=4
[05:04 PM] [DEBUG] sendPacket: Writing 98 bytes: 62 00 04 60 28 6F 32 28 B2 60 73 CD 9A E6 89 EC 0A 84 5F 3C D2 F4 AC 45 CA 1B 38 DD 49 69 44 EC 24 80 CA 10 1A EE CD 44 1A 82 0D 48 D9 B6 FA 76 20 90 27 19 9A 1B 1C 60 61 3F FC 5C 55 5D B3 F8 E1 60 FA D9 16 96 23 5F 75 FD 1E E0 64 80 13 9C 86 DC F6 A9 4F BA 93 64 81 07 0C D8 69 22 CF 8B 4F D6
[05:05 PM] [DEBUG] [LISTSERVER] Read timeout
[05:05 PM] [DEBUG] [LISTSERVER] Read timeout
[05:05 PM] [DEBUG] One minute timer
[05:05 PM] [DEBUG] [LISTSERVER] Read timeout
[05:05 PM] [DEBUG] [LISTSERVER] Received 12 raw bytes
[05:05 PM] [DEBUG] [LISTSERVER] processListData: 12 bytes in buffer
[05:05 PM] [DEBUG] [LISTSERVER] Packet length: 10, have 12
[05:05 PM] [DEBUG] [LISTSERVER] Decompressed to 2 bytes
[05:05 PM] [DEBUG] [LISTSERVER] Received packet 99: 0 bytes
[05:05 PM] [DEBUG] [LISTSERVER] Read timeout
[05:05 PM] [DEBUG] [LISTSERVER] Read timeout
[05:05 PM] [DEBUG] [LISTSERVER] Read timeout
[05:05 PM] [DEBUG] [LISTSERVER] Read timeout
[05:05 PM] [DEBUG] [LISTSERVER] Read timeout
[05:05 PM] [DEBUG] [LISTSERVER] Read timeout
[05:05 PM] [DEBUG] [LISTSERVER] Received 12 raw bytes
[05:05 PM] [DEBUG] [LISTSERVER] processListData: 12 bytes in buffer
[05:05 PM] [DEBUG] [LISTSERVER] Packet length: 10, have 12
[05:05 PM] [DEBUG] [LISTSERVER] Decompressed to 2 bytes
[05:05 PM] [DEBUG] [LISTSERVER] Received packet 99: 0 bytes
[05:05 PM] [DEBUG] [LISTSERVER] Read timeout
[05:05 PM] [DEBUG] [LISTSERVER] Read timeout
[05:05 PM] [DEBUG] [LISTSERVER] Read timeout
[05:06 PM] [DEBUG] [LISTSERVER] Read timeout
[05:06 PM] [DEBUG] [LISTSERVER] Read timeout
[05:06 PM] [INFO] Five minute timer - saving data
[05:06 PM] [DEBUG] One minute timer
panic: runtime error: invalid memory address or nil pointer dereference
[signal 0xc0000005 code=0x0 addr=0x18 pc=0xb39e61]

goroutine 8 [running]:
main.(*Player).disconnect(0xc00000d508)
	G:/Development/Working/SESSION04/gserver-go/gserver.go:1710 +0x21
main.(*Player).processTimeout(0xc00000d508)
	G:/Development/Working/SESSION04/gserver-go/gserver.go:2233 +0x49
main.(*Server).oneSecondEvents(0xc00007a4e0)
	G:/Development/Working/SESSION04/gserver-go/gserver.go:202 +0x194
main.(*Server).doTimedEvents(0xc00007a4e0)
	G:/Development/Working/SESSION04/gserver-go/gserver.go:173 +0xbc
main.(*Server).Run(0xc00007a4e0)
	G:/Development/Working/SESSION04/gserver-go/gserver.go:132 +0x11f
main.main.func1()
	G:/Development/Working/SESSION04/gserver-go/main.go:60 +0x25
created by main.main in goroutine 1
	G:/Development/Working/SESSION04/gserver-go/main.go:60 +0x786
exit status 2
